<?xml version="1.0" encoding="UTF-8" ?>
<testsuite failures="0" time="3.395" errors="6" skipped="0" tests="16" name="org.jboss.resteasy.examples.contacts.persistence.TestContact">
  <properties>
[...]
</properties>
  <testcase time="2.804" classname="org.jboss.resteasy.examples.contacts.persistence.TestContact" name="empty"/>
  <testcase time="0.007" classname="org.jboss.resteasy.examples.contacts.persistence.TestContact" name="simpleTest"/>
  <testcase time="0.087" classname="org.jboss.resteasy.examples.contacts.persistence.TestContact" name="testFindByName"/>
  <testcase time="0.033" classname="org.jboss.resteasy.examples.contacts.persistence.TestContact" name="testFindById"/>
  <testcase time="0.041" classname="org.jboss.resteasy.examples.contacts.persistence.TestContact" name="testFindAllContacts"/>
  <testcase time="0.033" classname="org.jboss.resteasy.examples.contacts.persistence.TestContact" name="testFindByNameContacts"/>
  <testcase time="0.028" classname="org.jboss.resteasy.examples.contacts.persistence.TestContact" name="testFindByEmail"/>
  <testcase time="0.023" classname="org.jboss.resteasy.examples.contacts.persistence.TestContact" name="testFindByPhone"/>
  <testcase time="0.053" classname="org.jboss.resteasy.examples.contacts.persistence.TestContact" name="testFindByAttribute"/>
  <testcase time="0.056" classname="org.jboss.resteasy.examples.contacts.persistence.TestContact" name="testInsertContact">
    <error message="could not insert: [org.jboss.resteasy.examples.contacts.core.Contact]; SQL [insert into Contact (email, name, phone) values (?, ?, ?)]; constraint [id]; nested exception is org.hibernate.exception.ConstraintViolationException: could not insert: [org.jboss.resteasy.examples.contacts.core.Contact]" type="org.springframework.dao.DataIntegrityViolationException">org.springframework.dao.DataIntegrityViolationException: could not insert: [org.jboss.resteasy.examples.contacts.core.Contact]; SQL [insert into Contact (email, name, phone) values (?, ?, ?)]; constraint [id]; nested exception is org.hibernate.exception.ConstraintViolationException: could not insert: [org.jboss.resteasy.examples.contacts.core.Contact]
	at org.springframework.orm.hibernate3.SessionFactoryUtils.convertHibernateAccessException(SessionFactoryUtils.java:637)
	at org.springframework.orm.hibernate3.HibernateAccessor.convertHibernateAccessException(HibernateAccessor.java:412)
	at org.springframework.orm.hibernate3.HibernateTemplate.doExecute(HibernateTemplate.java:411)
	at org.springframework.orm.hibernate3.HibernateTemplate.executeWithNativeSession(HibernateTemplate.java:374)
	at org.springframework.orm.hibernate3.HibernateTemplate.merge(HibernateTemplate.java:813)
	at org.jboss.resteasy.examples.contacts.persistence.hibernate.ContactDaoImpl.addUpdateContact(ContactDaoImpl.java:24)
	at org.jboss.resteasy.examples.contacts.persistence.TestContact.testInsertContact(TestContact.java:118)
	at sun.reflect.NativeMethodAccessorImpl.invoke0(Native Method)
	at sun.reflect.NativeMethodAccessorImpl.invoke(NativeMethodAccessorImpl.java:57)
	at sun.reflect.DelegatingMethodAccessorImpl.invoke(DelegatingMethodAccessorImpl.java:43)
	at java.lang.reflect.Method.invoke(Method.java:606)
	at org.junit.runners.model.FrameworkMethod$1.runReflectiveCall(FrameworkMethod.java:44)
	at org.junit.internal.runners.model.ReflectiveCallable.run(ReflectiveCallable.java:15)
	at org.junit.runners.model.FrameworkMethod.invokeExplosively(FrameworkMethod.java:41)
	at org.junit.internal.runners.statements.InvokeMethod.evaluate(InvokeMethod.java:20)
	at org.junit.internal.runners.statements.RunBefores.evaluate(RunBefores.java:28)
	at org.springframework.test.context.junit4.statements.RunBeforeTestMethodCallbacks.evaluate(RunBeforeTestMethodCallbacks.java:74)
	at org.junit.internal.runners.statements.RunAfters.evaluate(RunAfters.java:31)
	at org.springframework.test.context.junit4.statements.RunAfterTestMethodCallbacks.evaluate(RunAfterTestMethodCallbacks.java:82)
	at org.springframework.test.context.junit4.statements.SpringRepeat.evaluate(SpringRepeat.java:72)
	at org.springframework.test.context.junit4.SpringJUnit4ClassRunner.runChild(SpringJUnit4ClassRunner.java:231)
	at org.junit.runners.BlockJUnit4ClassRunner.runChild(BlockJUnit4ClassRunner.java:50)
	at org.junit.runners.ParentRunner$3.run(ParentRunner.java:193)
	at org.junit.runners.ParentRunner$1.schedule(ParentRunner.java:52)
	at org.junit.runners.ParentRunner.runChildren(ParentRunner.java:191)
	at org.junit.runners.ParentRunner.access$000(ParentRunner.java:42)
	at org.junit.runners.ParentRunner$2.evaluate(ParentRunner.java:184)
	at org.springframework.test.context.junit4.statements.RunBeforeTestClassCallbacks.evaluate(RunBeforeTestClassCallbacks.java:61)
	at org.springframework.test.context.junit4.statements.RunAfterTestClassCallbacks.evaluate(RunAfterTestClassCallbacks.java:70)
	at org.junit.runners.ParentRunner.run(ParentRunner.java:236)
	at org.springframework.test.context.junit4.SpringJUnit4ClassRunner.run(SpringJUnit4ClassRunner.java:174)
	at org.apache.maven.surefire.junit4.JUnit4Provider.execute(JUnit4Provider.java:252)
	at org.apache.maven.surefire.junit4.JUnit4Provider.executeTestSet(JUnit4Provider.java:141)
	at org.apache.maven.surefire.junit4.JUnit4Provider.invoke(JUnit4Provider.java:112)
	at sun.reflect.NativeMethodAccessorImpl.invoke0(Native Method)
	at sun.reflect.NativeMethodAccessorImpl.invoke(NativeMethodAccessorImpl.java:57)
	at sun.reflect.DelegatingMethodAccessorImpl.invoke(DelegatingMethodAccessorImpl.java:43)
	at java.lang.reflect.Method.invoke(Method.java:606)
	at org.apache.maven.surefire.util.ReflectionUtils.invokeMethodWithArray(ReflectionUtils.java:189)
	at org.apache.maven.surefire.booter.ProviderFactory$ProviderProxy.invoke(ProviderFactory.java:165)
	at org.apache.maven.surefire.booter.ProviderFactory.invokeProvider(ProviderFactory.java:85)
	at org.apache.maven.surefire.booter.ForkedBooter.runSuitesInProcess(ForkedBooter.java:115)
	at org.apache.maven.surefire.booter.ForkedBooter.main(ForkedBooter.java:75)
Caused by: org.hibernate.exception.ConstraintViolationException: could not insert: [org.jboss.resteasy.examples.contacts.core.Contact]
	at org.hibernate.exception.SQLStateConverter.convert(SQLStateConverter.java:71)
	at org.hibernate.exception.JDBCExceptionHelper.convert(JDBCExceptionHelper.java:43)
	at org.hibernate.id.insert.AbstractReturningDelegate.performInsert(AbstractReturningDelegate.java:40)
	at org.hibernate.persister.entity.AbstractEntityPersister.insert(AbstractEntityPersister.java:2163)
	at org.hibernate.persister.entity.AbstractEntityPersister.insert(AbstractEntityPersister.java:2643)
	at org.hibernate.action.EntityIdentityInsertAction.execute(EntityIdentityInsertAction.java:51)
	at org.hibernate.engine.ActionQueue.execute(ActionQueue.java:279)
	at org.hibernate.event.def.AbstractSaveEventListener.performSaveOrReplicate(AbstractSaveEventListener.java:298)
	at org.hibernate.event.def.AbstractSaveEventListener.performSave(AbstractSaveEventListener.java:181)
	at org.hibernate.event.def.AbstractSaveEventListener.saveWithGeneratedId(AbstractSaveEventListener.java:107)
	at org.hibernate.event.def.DefaultMergeEventListener.entityIsTransient(DefaultMergeEventListener.java:186)
	at org.hibernate.event.def.DefaultMergeEventListener.onMerge(DefaultMergeEventListener.java:123)
	at org.hibernate.event.def.DefaultMergeEventListener.onMerge(DefaultMergeEventListener.java:53)
	at org.hibernate.impl.SessionImpl.fireMerge(SessionImpl.java:677)
	at org.hibernate.impl.SessionImpl.merge(SessionImpl.java:661)
	at org.hibernate.impl.SessionImpl.merge(SessionImpl.java:665)
	at org.springframework.orm.hibernate3.HibernateTemplate$23.doInHibernate(HibernateTemplate.java:817)
	at org.springframework.orm.hibernate3.HibernateTemplate.doExecute(HibernateTemplate.java:406)
	... 40 more
Caused by: org.postgresql.util.PSQLException: ERROR: null value in column &quot;id&quot; violates not-null constraint
  详细：Failing row contains (null, newcontact, newcontact@yahoo.com, 3213123123).
	at org.postgresql.core.v3.QueryExecutorImpl.receiveErrorResponse(QueryExecutorImpl.java:2102)
	at org.postgresql.core.v3.QueryExecutorImpl.processResults(QueryExecutorImpl.java:1835)
	at org.postgresql.core.v3.QueryExecutorImpl.execute(QueryExecutorImpl.java:257)
	at org.postgresql.jdbc2.AbstractJdbc2Statement.execute(AbstractJdbc2Statement.java:500)
	at org.postgresql.jdbc2.AbstractJdbc2Statement.executeWithFlags(AbstractJdbc2Statement.java:388)
	at org.postgresql.jdbc2.AbstractJdbc2Statement.executeUpdate(AbstractJdbc2Statement.java:334)
	at org.apache.commons.dbcp.DelegatingPreparedStatement.executeUpdate(DelegatingPreparedStatement.java:101)
	at org.hibernate.id.IdentityGenerator$GetGeneratedKeysDelegate.executeAndExtract(IdentityGenerator.java:73)
	at org.hibernate.id.insert.AbstractReturningDelegate.performInsert(AbstractReturningDelegate.java:33)
	... 55 more
</error>
    <system-out>Hibernate: select contact0_.id as id0_, contact0_.email as email0_, contact0_.name as name0_, contact0_.phone as phone0_ from Contact contact0_ where contact0_.name=?
Hibernate: insert into Contact (email, name, phone) values (?, ?, ?)
</system-out>
    <system-err>十二月 01, 2014 4:33:34 下午 org.springframework.test.context.transaction.TransactionalTestExecutionListener startNewTransaction
信息: Began transaction (10): transaction manager [org.springframework.orm.hibernate3.HibernateTransactionManager@40f08565]; rollback [false]
十二月 01, 2014 4:33:34 下午 org.hibernate.util.JDBCExceptionReporter logExceptions
警告: SQL Error: 0, SQLState: 23502
十二月 01, 2014 4:33:34 下午 org.hibernate.util.JDBCExceptionReporter logExceptions
严重: ERROR: null value in column &quot;id&quot; violates not-null constraint
  详细：Failing row contains (null, newcontact, newcontact@yahoo.com, 3213123123).
十二月 01, 2014 4:33:34 下午 org.hibernate.AssertionFailure &lt;init&gt;
严重: an assertion failure occured (this may indicate a bug in Hibernate, but is more likely due to unsafe use of the session)
org.hibernate.AssertionFailure: null id in org.jboss.resteasy.examples.contacts.core.Contact entry (don&apos;t flush the Session after an exception occurs)
	at org.hibernate.event.def.DefaultFlushEntityEventListener.checkId(DefaultFlushEntityEventListener.java:55)
	at org.hibernate.event.def.DefaultFlushEntityEventListener.getValues(DefaultFlushEntityEventListener.java:164)
	at org.hibernate.event.def.DefaultFlushEntityEventListener.onFlushEntity(DefaultFlushEntityEventListener.java:120)
	at org.hibernate.event.def.AbstractFlushingEventListener.flushEntities(AbstractFlushingEventListener.java:196)
	at org.hibernate.event.def.AbstractFlushingEventListener.flushEverythingToExecutions(AbstractFlushingEventListener.java:76)
	at org.hibernate.event.def.DefaultAutoFlushEventListener.onAutoFlush(DefaultAutoFlushEventListener.java:35)
	at org.hibernate.impl.SessionImpl.autoFlushIfRequired(SessionImpl.java:969)
	at org.hibernate.impl.SessionImpl.list(SessionImpl.java:1114)
	at org.hibernate.impl.QueryImpl.list(QueryImpl.java:79)
	at org.springframework.orm.hibernate3.HibernateTemplate$31.doInHibernate(HibernateTemplate.java:947)
	at org.springframework.orm.hibernate3.HibernateTemplate$31.doInHibernate(HibernateTemplate.java:1)
	at org.springframework.orm.hibernate3.HibernateTemplate.doExecute(HibernateTemplate.java:406)
	at org.springframework.orm.hibernate3.HibernateTemplate.executeWithNativeSession(HibernateTemplate.java:374)
	at org.springframework.orm.hibernate3.HibernateTemplate.findByNamedParam(HibernateTemplate.java:938)
	at org.springframework.orm.hibernate3.HibernateTemplate.findByNamedParam(HibernateTemplate.java:929)
	at org.jboss.resteasy.examples.contacts.persistence.hibernate.ContactDaoImpl.findSingle(ContactDaoImpl.java:62)
	at org.jboss.resteasy.examples.contacts.persistence.hibernate.ContactDaoImpl.findContactByName(ContactDaoImpl.java:37)
	at org.jboss.resteasy.examples.contacts.persistence.TestContact.cleanup(TestContact.java:54)
	at sun.reflect.NativeMethodAccessorImpl.invoke0(Native Method)
	at sun.reflect.NativeMethodAccessorImpl.invoke(NativeMethodAccessorImpl.java:57)
	at sun.reflect.DelegatingMethodAccessorImpl.invoke(DelegatingMethodAccessorImpl.java:43)
	at java.lang.reflect.Method.invoke(Method.java:606)
	at org.junit.runners.model.FrameworkMethod$1.runReflectiveCall(FrameworkMethod.java:44)
	at org.junit.internal.runners.model.ReflectiveCallable.run(ReflectiveCallable.java:15)
	at org.junit.runners.model.FrameworkMethod.invokeExplosively(FrameworkMethod.java:41)
	at org.junit.internal.runners.statements.RunAfters.evaluate(RunAfters.java:37)
	at org.springframework.test.context.junit4.statements.RunAfterTestMethodCallbacks.evaluate(RunAfterTestMethodCallbacks.java:82)
	at org.springframework.test.context.junit4.statements.SpringRepeat.evaluate(SpringRepeat.java:72)
	at org.springframework.test.context.junit4.SpringJUnit4ClassRunner.runChild(SpringJUnit4ClassRunner.java:231)
	at org.junit.runners.BlockJUnit4ClassRunner.runChild(BlockJUnit4ClassRunner.java:50)
	at org.junit.runners.ParentRunner$3.run(ParentRunner.java:193)
	at org.junit.runners.ParentRunner$1.schedule(ParentRunner.java:52)
	at org.junit.runners.ParentRunner.runChildren(ParentRunner.java:191)
	at org.junit.runners.ParentRunner.access$000(ParentRunner.java:42)
	at org.junit.runners.ParentRunner$2.evaluate(ParentRunner.java:184)
	at org.springframework.test.context.junit4.statements.RunBeforeTestClassCallbacks.evaluate(RunBeforeTestClassCallbacks.java:61)
	at org.springframework.test.context.junit4.statements.RunAfterTestClassCallbacks.evaluate(RunAfterTestClassCallbacks.java:70)
	at org.junit.runners.ParentRunner.run(ParentRunner.java:236)
	at org.springframework.test.context.junit4.SpringJUnit4ClassRunner.run(SpringJUnit4ClassRunner.java:174)
	at org.apache.maven.surefire.junit4.JUnit4Provider.execute(JUnit4Provider.java:252)
	at org.apache.maven.surefire.junit4.JUnit4Provider.executeTestSet(JUnit4Provider.java:141)
	at org.apache.maven.surefire.junit4.JUnit4Provider.invoke(JUnit4Provider.java:112)
	at sun.reflect.NativeMethodAccessorImpl.invoke0(Native Method)
	at sun.reflect.NativeMethodAccessorImpl.invoke(NativeMethodAccessorImpl.java:57)
	at sun.reflect.DelegatingMethodAccessorImpl.invoke(DelegatingMethodAccessorImpl.java:43)
	at java.lang.reflect.Method.invoke(Method.java:606)
	at org.apache.maven.surefire.util.ReflectionUtils.invokeMethodWithArray(ReflectionUtils.java:189)
	at org.apache.maven.surefire.booter.ProviderFactory$ProviderProxy.invoke(ProviderFactory.java:165)
	at org.apache.maven.surefire.booter.ProviderFactory.invokeProvider(ProviderFactory.java:85)
	at org.apache.maven.surefire.booter.ForkedBooter.runSuitesInProcess(ForkedBooter.java:115)
	at org.apache.maven.surefire.booter.ForkedBooter.main(ForkedBooter.java:75)

十二月 01, 2014 4:33:34 下午 org.hibernate.AssertionFailure &lt;init&gt;
严重: an assertion failure occured (this may indicate a bug in Hibernate, but is more likely due to unsafe use of the session)
org.hibernate.AssertionFailure: null id in org.jboss.resteasy.examples.contacts.core.Contact entry (don&apos;t flush the Session after an exception occurs)
	at org.hibernate.event.def.DefaultFlushEntityEventListener.checkId(DefaultFlushEntityEventListener.java:55)
	at org.hibernate.event.def.DefaultFlushEntityEventListener.getValues(DefaultFlushEntityEventListener.java:164)
	at org.hibernate.event.def.DefaultFlushEntityEventListener.onFlushEntity(DefaultFlushEntityEventListener.java:120)
	at org.hibernate.event.def.AbstractFlushingEventListener.flushEntities(AbstractFlushingEventListener.java:196)
	at org.hibernate.event.def.AbstractFlushingEventListener.flushEverythingToExecutions(AbstractFlushingEventListener.java:76)
	at org.hibernate.event.def.DefaultFlushEventListener.onFlush(DefaultFlushEventListener.java:26)
	at org.hibernate.impl.SessionImpl.flush(SessionImpl.java:1000)
	at org.hibernate.impl.SessionImpl.managedFlush(SessionImpl.java:338)
	at org.hibernate.transaction.JDBCTransaction.commit(JDBCTransaction.java:106)
	at org.springframework.orm.hibernate3.HibernateTransactionManager.doCommit(HibernateTransactionManager.java:656)
	at org.springframework.transaction.support.AbstractPlatformTransactionManager.processCommit(AbstractPlatformTransactionManager.java:754)
	at org.springframework.transaction.support.AbstractPlatformTransactionManager.commit(AbstractPlatformTransactionManager.java:723)
	at org.springframework.test.context.transaction.TransactionalTestExecutionListener$TransactionContext.endTransaction(TransactionalTestExecutionListener.java:515)
	at org.springframework.test.context.transaction.TransactionalTestExecutionListener.endTransaction(TransactionalTestExecutionListener.java:290)
	at org.springframework.test.context.transaction.TransactionalTestExecutionListener.afterTestMethod(TransactionalTestExecutionListener.java:183)
	at org.springframework.test.context.TestContextManager.afterTestMethod(TestContextManager.java:406)
	at org.springframework.test.context.junit4.statements.RunAfterTestMethodCallbacks.evaluate(RunAfterTestMethodCallbacks.java:90)
	at org.springframework.test.context.junit4.statements.SpringRepeat.evaluate(SpringRepeat.java:72)
	at org.springframework.test.context.junit4.SpringJUnit4ClassRunner.runChild(SpringJUnit4ClassRunner.java:231)
	at org.junit.runners.BlockJUnit4ClassRunner.runChild(BlockJUnit4ClassRunner.java:50)
	at org.junit.runners.ParentRunner$3.run(ParentRunner.java:193)
	at org.junit.runners.ParentRunner$1.schedule(ParentRunner.java:52)
	at org.junit.runners.ParentRunner.runChildren(ParentRunner.java:191)
	at org.junit.runners.ParentRunner.access$000(ParentRunner.java:42)
	at org.junit.runners.ParentRunner$2.evaluate(ParentRunner.java:184)
	at org.springframework.test.context.junit4.statements.RunBeforeTestClassCallbacks.evaluate(RunBeforeTestClassCallbacks.java:61)
	at org.springframework.test.context.junit4.statements.RunAfterTestClassCallbacks.evaluate(RunAfterTestClassCallbacks.java:70)
	at org.junit.runners.ParentRunner.run(ParentRunner.java:236)
	at org.springframework.test.context.junit4.SpringJUnit4ClassRunner.run(SpringJUnit4ClassRunner.java:174)
	at org.apache.maven.surefire.junit4.JUnit4Provider.execute(JUnit4Provider.java:252)
	at org.apache.maven.surefire.junit4.JUnit4Provider.executeTestSet(JUnit4Provider.java:141)
	at org.apache.maven.surefire.junit4.JUnit4Provider.invoke(JUnit4Provider.java:112)
	at sun.reflect.NativeMethodAccessorImpl.invoke0(Native Method)
	at sun.reflect.NativeMethodAccessorImpl.invoke(NativeMethodAccessorImpl.java:57)
	at sun.reflect.DelegatingMethodAccessorImpl.invoke(DelegatingMethodAccessorImpl.java:43)
	at java.lang.reflect.Method.invoke(Method.java:606)
	at org.apache.maven.surefire.util.ReflectionUtils.invokeMethodWithArray(ReflectionUtils.java:189)
	at org.apache.maven.surefire.booter.ProviderFactory$ProviderProxy.invoke(ProviderFactory.java:165)
	at org.apache.maven.surefire.booter.ProviderFactory.invokeProvider(ProviderFactory.java:85)
	at org.apache.maven.surefire.booter.ForkedBooter.runSuitesInProcess(ForkedBooter.java:115)
	at org.apache.maven.surefire.booter.ForkedBooter.main(ForkedBooter.java:75)

十二月 01, 2014 4:33:34 下午 org.springframework.test.context.TestContextManager afterTestMethod
警告: Caught exception while allowing TestExecutionListener [org.springframework.test.context.transaction.TransactionalTestExecutionListener@53161fb7] to process &apos;after&apos; execution for test: method [public void org.jboss.resteasy.examples.contacts.persistence.TestContact.testInsertContact()], instance [org.jboss.resteasy.examples.contacts.persistence.TestContact@517c51fe], exception [org.junit.internal.runners.model.MultipleFailureException]
org.hibernate.AssertionFailure: null id in org.jboss.resteasy.examples.contacts.core.Contact entry (don&apos;t flush the Session after an exception occurs)
	at org.hibernate.event.def.DefaultFlushEntityEventListener.checkId(DefaultFlushEntityEventListener.java:55)
	at org.hibernate.event.def.DefaultFlushEntityEventListener.getValues(DefaultFlushEntityEventListener.java:164)
	at org.hibernate.event.def.DefaultFlushEntityEventListener.onFlushEntity(DefaultFlushEntityEventListener.java:120)
	at org.hibernate.event.def.AbstractFlushingEventListener.flushEntities(AbstractFlushingEventListener.java:196)
	at org.hibernate.event.def.AbstractFlushingEventListener.flushEverythingToExecutions(AbstractFlushingEventListener.java:76)
	at org.hibernate.event.def.DefaultFlushEventListener.onFlush(DefaultFlushEventListener.java:26)
	at org.hibernate.impl.SessionImpl.flush(SessionImpl.java:1000)
	at org.hibernate.impl.SessionImpl.managedFlush(SessionImpl.java:338)
	at org.hibernate.transaction.JDBCTransaction.commit(JDBCTransaction.java:106)
	at org.springframework.orm.hibernate3.HibernateTransactionManager.doCommit(HibernateTransactionManager.java:656)
	at org.springframework.transaction.support.AbstractPlatformTransactionManager.processCommit(AbstractPlatformTransactionManager.java:754)
	at org.springframework.transaction.support.AbstractPlatformTransactionManager.commit(AbstractPlatformTransactionManager.java:723)
	at org.springframework.test.context.transaction.TransactionalTestExecutionListener$TransactionContext.endTransaction(TransactionalTestExecutionListener.java:515)
	at org.springframework.test.context.transaction.TransactionalTestExecutionListener.endTransaction(TransactionalTestExecutionListener.java:290)
	at org.springframework.test.context.transaction.TransactionalTestExecutionListener.afterTestMethod(TransactionalTestExecutionListener.java:183)
	at org.springframework.test.context.TestContextManager.afterTestMethod(TestContextManager.java:406)
	at org.springframework.test.context.junit4.statements.RunAfterTestMethodCallbacks.evaluate(RunAfterTestMethodCallbacks.java:90)
	at org.springframework.test.context.junit4.statements.SpringRepeat.evaluate(SpringRepeat.java:72)
	at org.springframework.test.context.junit4.SpringJUnit4ClassRunner.runChild(SpringJUnit4ClassRunner.java:231)
	at org.junit.runners.BlockJUnit4ClassRunner.runChild(BlockJUnit4ClassRunner.java:50)
	at org.junit.runners.ParentRunner$3.run(ParentRunner.java:193)
	at org.junit.runners.ParentRunner$1.schedule(ParentRunner.java:52)
	at org.junit.runners.ParentRunner.runChildren(ParentRunner.java:191)
	at org.junit.runners.ParentRunner.access$000(ParentRunner.java:42)
	at org.junit.runners.ParentRunner$2.evaluate(ParentRunner.java:184)
	at org.springframework.test.context.junit4.statements.RunBeforeTestClassCallbacks.evaluate(RunBeforeTestClassCallbacks.java:61)
	at org.springframework.test.context.junit4.statements.RunAfterTestClassCallbacks.evaluate(RunAfterTestClassCallbacks.java:70)
	at org.junit.runners.ParentRunner.run(ParentRunner.java:236)
	at org.springframework.test.context.junit4.SpringJUnit4ClassRunner.run(SpringJUnit4ClassRunner.java:174)
	at org.apache.maven.surefire.junit4.JUnit4Provider.execute(JUnit4Provider.java:252)
	at org.apache.maven.surefire.junit4.JUnit4Provider.executeTestSet(JUnit4Provider.java:141)
	at org.apache.maven.surefire.junit4.JUnit4Provider.invoke(JUnit4Provider.java:112)
	at sun.reflect.NativeMethodAccessorImpl.invoke0(Native Method)
	at sun.reflect.NativeMethodAccessorImpl.invoke(NativeMethodAccessorImpl.java:57)
	at sun.reflect.DelegatingMethodAccessorImpl.invoke(DelegatingMethodAccessorImpl.java:43)
	at java.lang.reflect.Method.invoke(Method.java:606)
	at org.apache.maven.surefire.util.ReflectionUtils.invokeMethodWithArray(ReflectionUtils.java:189)
	at org.apache.maven.surefire.booter.ProviderFactory$ProviderProxy.invoke(ProviderFactory.java:165)
	at org.apache.maven.surefire.booter.ProviderFactory.invokeProvider(ProviderFactory.java:85)
	at org.apache.maven.surefire.booter.ForkedBooter.runSuitesInProcess(ForkedBooter.java:115)
	at org.apache.maven.surefire.booter.ForkedBooter.main(ForkedBooter.java:75)

</system-err>
  </testcase>
  <testcase time="0.057" classname="org.jboss.resteasy.examples.contacts.persistence.TestContact" name="testInsertContact">
    <error message="null id in org.jboss.resteasy.examples.contacts.core.Contact entry (don&apos;t flush the Session after an exception occurs)" type="org.hibernate.AssertionFailure">org.hibernate.AssertionFailure: null id in org.jboss.resteasy.examples.contacts.core.Contact entry (don&apos;t flush the Session after an exception occurs)
	at org.hibernate.event.def.DefaultFlushEntityEventListener.checkId(DefaultFlushEntityEventListener.java:55)
	at org.hibernate.event.def.DefaultFlushEntityEventListener.getValues(DefaultFlushEntityEventListener.java:164)
	at org.hibernate.event.def.DefaultFlushEntityEventListener.onFlushEntity(DefaultFlushEntityEventListener.java:120)
	at org.hibernate.event.def.AbstractFlushingEventListener.flushEntities(AbstractFlushingEventListener.java:196)
	at org.hibernate.event.def.AbstractFlushingEventListener.flushEverythingToExecutions(AbstractFlushingEventListener.java:76)
	at org.hibernate.event.def.DefaultAutoFlushEventListener.onAutoFlush(DefaultAutoFlushEventListener.java:35)
	at org.hibernate.impl.SessionImpl.autoFlushIfRequired(SessionImpl.java:969)
	at org.hibernate.impl.SessionImpl.list(SessionImpl.java:1114)
	at org.hibernate.impl.QueryImpl.list(QueryImpl.java:79)
	at org.springframework.orm.hibernate3.HibernateTemplate$31.doInHibernate(HibernateTemplate.java:947)
	at org.springframework.orm.hibernate3.HibernateTemplate$31.doInHibernate(HibernateTemplate.java:1)
	at org.springframework.orm.hibernate3.HibernateTemplate.doExecute(HibernateTemplate.java:406)
	at org.springframework.orm.hibernate3.HibernateTemplate.executeWithNativeSession(HibernateTemplate.java:374)
	at org.springframework.orm.hibernate3.HibernateTemplate.findByNamedParam(HibernateTemplate.java:938)
	at org.springframework.orm.hibernate3.HibernateTemplate.findByNamedParam(HibernateTemplate.java:929)
	at org.jboss.resteasy.examples.contacts.persistence.hibernate.ContactDaoImpl.findSingle(ContactDaoImpl.java:62)
	at org.jboss.resteasy.examples.contacts.persistence.hibernate.ContactDaoImpl.findContactByName(ContactDaoImpl.java:37)
	at org.jboss.resteasy.examples.contacts.persistence.TestContact.cleanup(TestContact.java:54)
	at sun.reflect.NativeMethodAccessorImpl.invoke0(Native Method)
	at sun.reflect.NativeMethodAccessorImpl.invoke(NativeMethodAccessorImpl.java:57)
	at sun.reflect.DelegatingMethodAccessorImpl.invoke(DelegatingMethodAccessorImpl.java:43)
	at java.lang.reflect.Method.invoke(Method.java:606)
	at org.junit.runners.model.FrameworkMethod$1.runReflectiveCall(FrameworkMethod.java:44)
	at org.junit.internal.runners.model.ReflectiveCallable.run(ReflectiveCallable.java:15)
	at org.junit.runners.model.FrameworkMethod.invokeExplosively(FrameworkMethod.java:41)
	at org.junit.internal.runners.statements.RunAfters.evaluate(RunAfters.java:37)
	at org.springframework.test.context.junit4.statements.RunAfterTestMethodCallbacks.evaluate(RunAfterTestMethodCallbacks.java:82)
	at org.springframework.test.context.junit4.statements.SpringRepeat.evaluate(SpringRepeat.java:72)
	at org.springframework.test.context.junit4.SpringJUnit4ClassRunner.runChild(SpringJUnit4ClassRunner.java:231)
	at org.junit.runners.BlockJUnit4ClassRunner.runChild(BlockJUnit4ClassRunner.java:50)
	at org.junit.runners.ParentRunner$3.run(ParentRunner.java:193)
	at org.junit.runners.ParentRunner$1.schedule(ParentRunner.java:52)
	at org.junit.runners.ParentRunner.runChildren(ParentRunner.java:191)
	at org.junit.runners.ParentRunner.access$000(ParentRunner.java:42)
	at org.junit.runners.ParentRunner$2.evaluate(ParentRunner.java:184)
	at org.springframework.test.context.junit4.statements.RunBeforeTestClassCallbacks.evaluate(RunBeforeTestClassCallbacks.java:61)
	at org.springframework.test.context.junit4.statements.RunAfterTestClassCallbacks.evaluate(RunAfterTestClassCallbacks.java:70)
	at org.junit.runners.ParentRunner.run(ParentRunner.java:236)
	at org.springframework.test.context.junit4.SpringJUnit4ClassRunner.run(SpringJUnit4ClassRunner.java:174)
	at org.apache.maven.surefire.junit4.JUnit4Provider.execute(JUnit4Provider.java:252)
	at org.apache.maven.surefire.junit4.JUnit4Provider.executeTestSet(JUnit4Provider.java:141)
	at org.apache.maven.surefire.junit4.JUnit4Provider.invoke(JUnit4Provider.java:112)
	at sun.reflect.NativeMethodAccessorImpl.invoke0(Native Method)
	at sun.reflect.NativeMethodAccessorImpl.invoke(NativeMethodAccessorImpl.java:57)
	at sun.reflect.DelegatingMethodAccessorImpl.invoke(DelegatingMethodAccessorImpl.java:43)
	at java.lang.reflect.Method.invoke(Method.java:606)
	at org.apache.maven.surefire.util.ReflectionUtils.invokeMethodWithArray(ReflectionUtils.java:189)
	at org.apache.maven.surefire.booter.ProviderFactory$ProviderProxy.invoke(ProviderFactory.java:165)
	at org.apache.maven.surefire.booter.ProviderFactory.invokeProvider(ProviderFactory.java:85)
	at org.apache.maven.surefire.booter.ForkedBooter.runSuitesInProcess(ForkedBooter.java:115)
	at org.apache.maven.surefire.booter.ForkedBooter.main(ForkedBooter.java:75)
</error>
  </testcase>
  <testcase time="0.059" classname="org.jboss.resteasy.examples.contacts.persistence.TestContact" name="testInsertContact">
    <error message="null id in org.jboss.resteasy.examples.contacts.core.Contact entry (don&apos;t flush the Session after an exception occurs)" type="org.hibernate.AssertionFailure">org.hibernate.AssertionFailure: null id in org.jboss.resteasy.examples.contacts.core.Contact entry (don&apos;t flush the Session after an exception occurs)
	at org.hibernate.event.def.DefaultFlushEntityEventListener.checkId(DefaultFlushEntityEventListener.java:55)
	at org.hibernate.event.def.DefaultFlushEntityEventListener.getValues(DefaultFlushEntityEventListener.java:164)
	at org.hibernate.event.def.DefaultFlushEntityEventListener.onFlushEntity(DefaultFlushEntityEventListener.java:120)
	at org.hibernate.event.def.AbstractFlushingEventListener.flushEntities(AbstractFlushingEventListener.java:196)
	at org.hibernate.event.def.AbstractFlushingEventListener.flushEverythingToExecutions(AbstractFlushingEventListener.java:76)
	at org.hibernate.event.def.DefaultFlushEventListener.onFlush(DefaultFlushEventListener.java:26)
	at org.hibernate.impl.SessionImpl.flush(SessionImpl.java:1000)
	at org.hibernate.impl.SessionImpl.managedFlush(SessionImpl.java:338)
	at org.hibernate.transaction.JDBCTransaction.commit(JDBCTransaction.java:106)
	at org.springframework.orm.hibernate3.HibernateTransactionManager.doCommit(HibernateTransactionManager.java:656)
	at org.springframework.transaction.support.AbstractPlatformTransactionManager.processCommit(AbstractPlatformTransactionManager.java:754)
	at org.springframework.transaction.support.AbstractPlatformTransactionManager.commit(AbstractPlatformTransactionManager.java:723)
	at org.springframework.test.context.transaction.TransactionalTestExecutionListener$TransactionContext.endTransaction(TransactionalTestExecutionListener.java:515)
	at org.springframework.test.context.transaction.TransactionalTestExecutionListener.endTransaction(TransactionalTestExecutionListener.java:290)
	at org.springframework.test.context.transaction.TransactionalTestExecutionListener.afterTestMethod(TransactionalTestExecutionListener.java:183)
	at org.springframework.test.context.TestContextManager.afterTestMethod(TestContextManager.java:406)
	at org.springframework.test.context.junit4.statements.RunAfterTestMethodCallbacks.evaluate(RunAfterTestMethodCallbacks.java:90)
	at org.springframework.test.context.junit4.statements.SpringRepeat.evaluate(SpringRepeat.java:72)
	at org.springframework.test.context.junit4.SpringJUnit4ClassRunner.runChild(SpringJUnit4ClassRunner.java:231)
	at org.junit.runners.BlockJUnit4ClassRunner.runChild(BlockJUnit4ClassRunner.java:50)
	at org.junit.runners.ParentRunner$3.run(ParentRunner.java:193)
	at org.junit.runners.ParentRunner$1.schedule(ParentRunner.java:52)
	at org.junit.runners.ParentRunner.runChildren(ParentRunner.java:191)
	at org.junit.runners.ParentRunner.access$000(ParentRunner.java:42)
	at org.junit.runners.ParentRunner$2.evaluate(ParentRunner.java:184)
	at org.springframework.test.context.junit4.statements.RunBeforeTestClassCallbacks.evaluate(RunBeforeTestClassCallbacks.java:61)
	at org.springframework.test.context.junit4.statements.RunAfterTestClassCallbacks.evaluate(RunAfterTestClassCallbacks.java:70)
	at org.junit.runners.ParentRunner.run(ParentRunner.java:236)
	at org.springframework.test.context.junit4.SpringJUnit4ClassRunner.run(SpringJUnit4ClassRunner.java:174)
	at org.apache.maven.surefire.junit4.JUnit4Provider.execute(JUnit4Provider.java:252)
	at org.apache.maven.surefire.junit4.JUnit4Provider.executeTestSet(JUnit4Provider.java:141)
	at org.apache.maven.surefire.junit4.JUnit4Provider.invoke(JUnit4Provider.java:112)
	at sun.reflect.NativeMethodAccessorImpl.invoke0(Native Method)
	at sun.reflect.NativeMethodAccessorImpl.invoke(NativeMethodAccessorImpl.java:57)
	at sun.reflect.DelegatingMethodAccessorImpl.invoke(DelegatingMethodAccessorImpl.java:43)
	at java.lang.reflect.Method.invoke(Method.java:606)
	at org.apache.maven.surefire.util.ReflectionUtils.invokeMethodWithArray(ReflectionUtils.java:189)
	at org.apache.maven.surefire.booter.ProviderFactory$ProviderProxy.invoke(ProviderFactory.java:165)
	at org.apache.maven.surefire.booter.ProviderFactory.invokeProvider(ProviderFactory.java:85)
	at org.apache.maven.surefire.booter.ForkedBooter.runSuitesInProcess(ForkedBooter.java:115)
	at org.apache.maven.surefire.booter.ForkedBooter.main(ForkedBooter.java:75)
</error>
  </testcase>
  <testcase time="0.028" classname="org.jboss.resteasy.examples.contacts.persistence.TestContact" name="testDeleteContact">
    <error message="could not insert: [org.jboss.resteasy.examples.contacts.core.Contact]; SQL [insert into Contact (email, name, phone) values (?, ?, ?)]; constraint [id]; nested exception is org.hibernate.exception.ConstraintViolationException: could not insert: [org.jboss.resteasy.examples.contacts.core.Contact]" type="org.springframework.dao.DataIntegrityViolationException">org.springframework.dao.DataIntegrityViolationException: could not insert: [org.jboss.resteasy.examples.contacts.core.Contact]; SQL [insert into Contact (email, name, phone) values (?, ?, ?)]; constraint [id]; nested exception is org.hibernate.exception.ConstraintViolationException: could not insert: [org.jboss.resteasy.examples.contacts.core.Contact]
	at org.springframework.orm.hibernate3.SessionFactoryUtils.convertHibernateAccessException(SessionFactoryUtils.java:637)
	at org.springframework.orm.hibernate3.HibernateAccessor.convertHibernateAccessException(HibernateAccessor.java:412)
	at org.springframework.orm.hibernate3.HibernateTemplate.doExecute(HibernateTemplate.java:411)
	at org.springframework.orm.hibernate3.HibernateTemplate.executeWithNativeSession(HibernateTemplate.java:374)
	at org.springframework.orm.hibernate3.HibernateTemplate.merge(HibernateTemplate.java:813)
	at org.jboss.resteasy.examples.contacts.persistence.hibernate.ContactDaoImpl.addUpdateContact(ContactDaoImpl.java:24)
	at org.jboss.resteasy.examples.contacts.persistence.TestContact.testDeleteContact(TestContact.java:131)
	at sun.reflect.NativeMethodAccessorImpl.invoke0(Native Method)
	at sun.reflect.NativeMethodAccessorImpl.invoke(NativeMethodAccessorImpl.java:57)
	at sun.reflect.DelegatingMethodAccessorImpl.invoke(DelegatingMethodAccessorImpl.java:43)
	at java.lang.reflect.Method.invoke(Method.java:606)
	at org.junit.runners.model.FrameworkMethod$1.runReflectiveCall(FrameworkMethod.java:44)
	at org.junit.internal.runners.model.ReflectiveCallable.run(ReflectiveCallable.java:15)
	at org.junit.runners.model.FrameworkMethod.invokeExplosively(FrameworkMethod.java:41)
	at org.junit.internal.runners.statements.InvokeMethod.evaluate(InvokeMethod.java:20)
	at org.junit.internal.runners.statements.RunBefores.evaluate(RunBefores.java:28)
	at org.springframework.test.context.junit4.statements.RunBeforeTestMethodCallbacks.evaluate(RunBeforeTestMethodCallbacks.java:74)
	at org.junit.internal.runners.statements.RunAfters.evaluate(RunAfters.java:31)
	at org.springframework.test.context.junit4.statements.RunAfterTestMethodCallbacks.evaluate(RunAfterTestMethodCallbacks.java:82)
	at org.springframework.test.context.junit4.statements.SpringRepeat.evaluate(SpringRepeat.java:72)
	at org.springframework.test.context.junit4.SpringJUnit4ClassRunner.runChild(SpringJUnit4ClassRunner.java:231)
	at org.junit.runners.BlockJUnit4ClassRunner.runChild(BlockJUnit4ClassRunner.java:50)
	at org.junit.runners.ParentRunner$3.run(ParentRunner.java:193)
	at org.junit.runners.ParentRunner$1.schedule(ParentRunner.java:52)
	at org.junit.runners.ParentRunner.runChildren(ParentRunner.java:191)
	at org.junit.runners.ParentRunner.access$000(ParentRunner.java:42)
	at org.junit.runners.ParentRunner$2.evaluate(ParentRunner.java:184)
	at org.springframework.test.context.junit4.statements.RunBeforeTestClassCallbacks.evaluate(RunBeforeTestClassCallbacks.java:61)
	at org.springframework.test.context.junit4.statements.RunAfterTestClassCallbacks.evaluate(RunAfterTestClassCallbacks.java:70)
	at org.junit.runners.ParentRunner.run(ParentRunner.java:236)
	at org.springframework.test.context.junit4.SpringJUnit4ClassRunner.run(SpringJUnit4ClassRunner.java:174)
	at org.apache.maven.surefire.junit4.JUnit4Provider.execute(JUnit4Provider.java:252)
	at org.apache.maven.surefire.junit4.JUnit4Provider.executeTestSet(JUnit4Provider.java:141)
	at org.apache.maven.surefire.junit4.JUnit4Provider.invoke(JUnit4Provider.java:112)
	at sun.reflect.NativeMethodAccessorImpl.invoke0(Native Method)
	at sun.reflect.NativeMethodAccessorImpl.invoke(NativeMethodAccessorImpl.java:57)
	at sun.reflect.DelegatingMethodAccessorImpl.invoke(DelegatingMethodAccessorImpl.java:43)
	at java.lang.reflect.Method.invoke(Method.java:606)
	at org.apache.maven.surefire.util.ReflectionUtils.invokeMethodWithArray(ReflectionUtils.java:189)
	at org.apache.maven.surefire.booter.ProviderFactory$ProviderProxy.invoke(ProviderFactory.java:165)
	at org.apache.maven.surefire.booter.ProviderFactory.invokeProvider(ProviderFactory.java:85)
	at org.apache.maven.surefire.booter.ForkedBooter.runSuitesInProcess(ForkedBooter.java:115)
	at org.apache.maven.surefire.booter.ForkedBooter.main(ForkedBooter.java:75)
Caused by: org.hibernate.exception.ConstraintViolationException: could not insert: [org.jboss.resteasy.examples.contacts.core.Contact]
	at org.hibernate.exception.SQLStateConverter.convert(SQLStateConverter.java:71)
	at org.hibernate.exception.JDBCExceptionHelper.convert(JDBCExceptionHelper.java:43)
	at org.hibernate.id.insert.AbstractReturningDelegate.performInsert(AbstractReturningDelegate.java:40)
	at org.hibernate.persister.entity.AbstractEntityPersister.insert(AbstractEntityPersister.java:2163)
	at org.hibernate.persister.entity.AbstractEntityPersister.insert(AbstractEntityPersister.java:2643)
	at org.hibernate.action.EntityIdentityInsertAction.execute(EntityIdentityInsertAction.java:51)
	at org.hibernate.engine.ActionQueue.execute(ActionQueue.java:279)
	at org.hibernate.event.def.AbstractSaveEventListener.performSaveOrReplicate(AbstractSaveEventListener.java:298)
	at org.hibernate.event.def.AbstractSaveEventListener.performSave(AbstractSaveEventListener.java:181)
	at org.hibernate.event.def.AbstractSaveEventListener.saveWithGeneratedId(AbstractSaveEventListener.java:107)
	at org.hibernate.event.def.DefaultMergeEventListener.entityIsTransient(DefaultMergeEventListener.java:186)
	at org.hibernate.event.def.DefaultMergeEventListener.onMerge(DefaultMergeEventListener.java:123)
	at org.hibernate.event.def.DefaultMergeEventListener.onMerge(DefaultMergeEventListener.java:53)
	at org.hibernate.impl.SessionImpl.fireMerge(SessionImpl.java:677)
	at org.hibernate.impl.SessionImpl.merge(SessionImpl.java:661)
	at org.hibernate.impl.SessionImpl.merge(SessionImpl.java:665)
	at org.springframework.orm.hibernate3.HibernateTemplate$23.doInHibernate(HibernateTemplate.java:817)
	at org.springframework.orm.hibernate3.HibernateTemplate.doExecute(HibernateTemplate.java:406)
	... 40 more
Caused by: org.postgresql.util.PSQLException: ERROR: null value in column &quot;id&quot; violates not-null constraint
  详细：Failing row contains (null, newcontact2, newcontact2@yahoo.com, 3213123134).
	at org.postgresql.core.v3.QueryExecutorImpl.receiveErrorResponse(QueryExecutorImpl.java:2102)
	at org.postgresql.core.v3.QueryExecutorImpl.processResults(QueryExecutorImpl.java:1835)
	at org.postgresql.core.v3.QueryExecutorImpl.execute(QueryExecutorImpl.java:257)
	at org.postgresql.jdbc2.AbstractJdbc2Statement.execute(AbstractJdbc2Statement.java:500)
	at org.postgresql.jdbc2.AbstractJdbc2Statement.executeWithFlags(AbstractJdbc2Statement.java:388)
	at org.postgresql.jdbc2.AbstractJdbc2Statement.executeUpdate(AbstractJdbc2Statement.java:334)
	at org.apache.commons.dbcp.DelegatingPreparedStatement.executeUpdate(DelegatingPreparedStatement.java:101)
	at org.hibernate.id.IdentityGenerator$GetGeneratedKeysDelegate.executeAndExtract(IdentityGenerator.java:73)
	at org.hibernate.id.insert.AbstractReturningDelegate.performInsert(AbstractReturningDelegate.java:33)
	... 55 more
</error>
    <system-out>Hibernate: select contact0_.id as id0_, contact0_.email as email0_, contact0_.name as name0_, contact0_.phone as phone0_ from Contact contact0_ where contact0_.name=?
Hibernate: insert into Contact (email, name, phone) values (?, ?, ?)
</system-out>
    <system-err>十二月 01, 2014 4:33:34 下午 org.springframework.test.context.transaction.TransactionalTestExecutionListener startNewTransaction
信息: Began transaction (11): transaction manager [org.springframework.orm.hibernate3.HibernateTransactionManager@40f08565]; rollback [false]
十二月 01, 2014 4:33:34 下午 org.hibernate.util.JDBCExceptionReporter logExceptions
警告: SQL Error: 0, SQLState: 23502
十二月 01, 2014 4:33:34 下午 org.hibernate.util.JDBCExceptionReporter logExceptions
严重: ERROR: null value in column &quot;id&quot; violates not-null constraint
  详细：Failing row contains (null, newcontact2, newcontact2@yahoo.com, 3213123134).
十二月 01, 2014 4:33:34 下午 org.hibernate.AssertionFailure &lt;init&gt;
严重: an assertion failure occured (this may indicate a bug in Hibernate, but is more likely due to unsafe use of the session)
org.hibernate.AssertionFailure: null id in org.jboss.resteasy.examples.contacts.core.Contact entry (don&apos;t flush the Session after an exception occurs)
	at org.hibernate.event.def.DefaultFlushEntityEventListener.checkId(DefaultFlushEntityEventListener.java:55)
	at org.hibernate.event.def.DefaultFlushEntityEventListener.getValues(DefaultFlushEntityEventListener.java:164)
	at org.hibernate.event.def.DefaultFlushEntityEventListener.onFlushEntity(DefaultFlushEntityEventListener.java:120)
	at org.hibernate.event.def.AbstractFlushingEventListener.flushEntities(AbstractFlushingEventListener.java:196)
	at org.hibernate.event.def.AbstractFlushingEventListener.flushEverythingToExecutions(AbstractFlushingEventListener.java:76)
	at org.hibernate.event.def.DefaultAutoFlushEventListener.onAutoFlush(DefaultAutoFlushEventListener.java:35)
	at org.hibernate.impl.SessionImpl.autoFlushIfRequired(SessionImpl.java:969)
	at org.hibernate.impl.SessionImpl.list(SessionImpl.java:1114)
	at org.hibernate.impl.QueryImpl.list(QueryImpl.java:79)
	at org.springframework.orm.hibernate3.HibernateTemplate$31.doInHibernate(HibernateTemplate.java:947)
	at org.springframework.orm.hibernate3.HibernateTemplate$31.doInHibernate(HibernateTemplate.java:1)
	at org.springframework.orm.hibernate3.HibernateTemplate.doExecute(HibernateTemplate.java:406)
	at org.springframework.orm.hibernate3.HibernateTemplate.executeWithNativeSession(HibernateTemplate.java:374)
	at org.springframework.orm.hibernate3.HibernateTemplate.findByNamedParam(HibernateTemplate.java:938)
	at org.springframework.orm.hibernate3.HibernateTemplate.findByNamedParam(HibernateTemplate.java:929)
	at org.jboss.resteasy.examples.contacts.persistence.hibernate.ContactDaoImpl.findSingle(ContactDaoImpl.java:62)
	at org.jboss.resteasy.examples.contacts.persistence.hibernate.ContactDaoImpl.findContactByName(ContactDaoImpl.java:37)
	at org.jboss.resteasy.examples.contacts.persistence.TestContact.cleanup(TestContact.java:54)
	at sun.reflect.NativeMethodAccessorImpl.invoke0(Native Method)
	at sun.reflect.NativeMethodAccessorImpl.invoke(NativeMethodAccessorImpl.java:57)
	at sun.reflect.DelegatingMethodAccessorImpl.invoke(DelegatingMethodAccessorImpl.java:43)
	at java.lang.reflect.Method.invoke(Method.java:606)
	at org.junit.runners.model.FrameworkMethod$1.runReflectiveCall(FrameworkMethod.java:44)
	at org.junit.internal.runners.model.ReflectiveCallable.run(ReflectiveCallable.java:15)
	at org.junit.runners.model.FrameworkMethod.invokeExplosively(FrameworkMethod.java:41)
	at org.junit.internal.runners.statements.RunAfters.evaluate(RunAfters.java:37)
	at org.springframework.test.context.junit4.statements.RunAfterTestMethodCallbacks.evaluate(RunAfterTestMethodCallbacks.java:82)
	at org.springframework.test.context.junit4.statements.SpringRepeat.evaluate(SpringRepeat.java:72)
	at org.springframework.test.context.junit4.SpringJUnit4ClassRunner.runChild(SpringJUnit4ClassRunner.java:231)
	at org.junit.runners.BlockJUnit4ClassRunner.runChild(BlockJUnit4ClassRunner.java:50)
	at org.junit.runners.ParentRunner$3.run(ParentRunner.java:193)
	at org.junit.runners.ParentRunner$1.schedule(ParentRunner.java:52)
	at org.junit.runners.ParentRunner.runChildren(ParentRunner.java:191)
	at org.junit.runners.ParentRunner.access$000(ParentRunner.java:42)
	at org.junit.runners.ParentRunner$2.evaluate(ParentRunner.java:184)
	at org.springframework.test.context.junit4.statements.RunBeforeTestClassCallbacks.evaluate(RunBeforeTestClassCallbacks.java:61)
	at org.springframework.test.context.junit4.statements.RunAfterTestClassCallbacks.evaluate(RunAfterTestClassCallbacks.java:70)
	at org.junit.runners.ParentRunner.run(ParentRunner.java:236)
	at org.springframework.test.context.junit4.SpringJUnit4ClassRunner.run(SpringJUnit4ClassRunner.java:174)
	at org.apache.maven.surefire.junit4.JUnit4Provider.execute(JUnit4Provider.java:252)
	at org.apache.maven.surefire.junit4.JUnit4Provider.executeTestSet(JUnit4Provider.java:141)
	at org.apache.maven.surefire.junit4.JUnit4Provider.invoke(JUnit4Provider.java:112)
	at sun.reflect.NativeMethodAccessorImpl.invoke0(Native Method)
	at sun.reflect.NativeMethodAccessorImpl.invoke(NativeMethodAccessorImpl.java:57)
	at sun.reflect.DelegatingMethodAccessorImpl.invoke(DelegatingMethodAccessorImpl.java:43)
	at java.lang.reflect.Method.invoke(Method.java:606)
	at org.apache.maven.surefire.util.ReflectionUtils.invokeMethodWithArray(ReflectionUtils.java:189)
	at org.apache.maven.surefire.booter.ProviderFactory$ProviderProxy.invoke(ProviderFactory.java:165)
	at org.apache.maven.surefire.booter.ProviderFactory.invokeProvider(ProviderFactory.java:85)
	at org.apache.maven.surefire.booter.ForkedBooter.runSuitesInProcess(ForkedBooter.java:115)
	at org.apache.maven.surefire.booter.ForkedBooter.main(ForkedBooter.java:75)

十二月 01, 2014 4:33:34 下午 org.hibernate.AssertionFailure &lt;init&gt;
严重: an assertion failure occured (this may indicate a bug in Hibernate, but is more likely due to unsafe use of the session)
org.hibernate.AssertionFailure: null id in org.jboss.resteasy.examples.contacts.core.Contact entry (don&apos;t flush the Session after an exception occurs)
	at org.hibernate.event.def.DefaultFlushEntityEventListener.checkId(DefaultFlushEntityEventListener.java:55)
	at org.hibernate.event.def.DefaultFlushEntityEventListener.getValues(DefaultFlushEntityEventListener.java:164)
	at org.hibernate.event.def.DefaultFlushEntityEventListener.onFlushEntity(DefaultFlushEntityEventListener.java:120)
	at org.hibernate.event.def.AbstractFlushingEventListener.flushEntities(AbstractFlushingEventListener.java:196)
	at org.hibernate.event.def.AbstractFlushingEventListener.flushEverythingToExecutions(AbstractFlushingEventListener.java:76)
	at org.hibernate.event.def.DefaultFlushEventListener.onFlush(DefaultFlushEventListener.java:26)
	at org.hibernate.impl.SessionImpl.flush(SessionImpl.java:1000)
	at org.hibernate.impl.SessionImpl.managedFlush(SessionImpl.java:338)
	at org.hibernate.transaction.JDBCTransaction.commit(JDBCTransaction.java:106)
	at org.springframework.orm.hibernate3.HibernateTransactionManager.doCommit(HibernateTransactionManager.java:656)
	at org.springframework.transaction.support.AbstractPlatformTransactionManager.processCommit(AbstractPlatformTransactionManager.java:754)
	at org.springframework.transaction.support.AbstractPlatformTransactionManager.commit(AbstractPlatformTransactionManager.java:723)
	at org.springframework.test.context.transaction.TransactionalTestExecutionListener$TransactionContext.endTransaction(TransactionalTestExecutionListener.java:515)
	at org.springframework.test.context.transaction.TransactionalTestExecutionListener.endTransaction(TransactionalTestExecutionListener.java:290)
	at org.springframework.test.context.transaction.TransactionalTestExecutionListener.afterTestMethod(TransactionalTestExecutionListener.java:183)
	at org.springframework.test.context.TestContextManager.afterTestMethod(TestContextManager.java:406)
	at org.springframework.test.context.junit4.statements.RunAfterTestMethodCallbacks.evaluate(RunAfterTestMethodCallbacks.java:90)
	at org.springframework.test.context.junit4.statements.SpringRepeat.evaluate(SpringRepeat.java:72)
	at org.springframework.test.context.junit4.SpringJUnit4ClassRunner.runChild(SpringJUnit4ClassRunner.java:231)
	at org.junit.runners.BlockJUnit4ClassRunner.runChild(BlockJUnit4ClassRunner.java:50)
	at org.junit.runners.ParentRunner$3.run(ParentRunner.java:193)
	at org.junit.runners.ParentRunner$1.schedule(ParentRunner.java:52)
	at org.junit.runners.ParentRunner.runChildren(ParentRunner.java:191)
	at org.junit.runners.ParentRunner.access$000(ParentRunner.java:42)
	at org.junit.runners.ParentRunner$2.evaluate(ParentRunner.java:184)
	at org.springframework.test.context.junit4.statements.RunBeforeTestClassCallbacks.evaluate(RunBeforeTestClassCallbacks.java:61)
	at org.springframework.test.context.junit4.statements.RunAfterTestClassCallbacks.evaluate(RunAfterTestClassCallbacks.java:70)
	at org.junit.runners.ParentRunner.run(ParentRunner.java:236)
	at org.springframework.test.context.junit4.SpringJUnit4ClassRunner.run(SpringJUnit4ClassRunner.java:174)
	at org.apache.maven.surefire.junit4.JUnit4Provider.execute(JUnit4Provider.java:252)
	at org.apache.maven.surefire.junit4.JUnit4Provider.executeTestSet(JUnit4Provider.java:141)
	at org.apache.maven.surefire.junit4.JUnit4Provider.invoke(JUnit4Provider.java:112)
	at sun.reflect.NativeMethodAccessorImpl.invoke0(Native Method)
	at sun.reflect.NativeMethodAccessorImpl.invoke(NativeMethodAccessorImpl.java:57)
	at sun.reflect.DelegatingMethodAccessorImpl.invoke(DelegatingMethodAccessorImpl.java:43)
	at java.lang.reflect.Method.invoke(Method.java:606)
	at org.apache.maven.surefire.util.ReflectionUtils.invokeMethodWithArray(ReflectionUtils.java:189)
	at org.apache.maven.surefire.booter.ProviderFactory$ProviderProxy.invoke(ProviderFactory.java:165)
	at org.apache.maven.surefire.booter.ProviderFactory.invokeProvider(ProviderFactory.java:85)
	at org.apache.maven.surefire.booter.ForkedBooter.runSuitesInProcess(ForkedBooter.java:115)
	at org.apache.maven.surefire.booter.ForkedBooter.main(ForkedBooter.java:75)

十二月 01, 2014 4:33:34 下午 org.springframework.test.context.TestContextManager afterTestMethod
警告: Caught exception while allowing TestExecutionListener [org.springframework.test.context.transaction.TransactionalTestExecutionListener@53161fb7] to process &apos;after&apos; execution for test: method [public void org.jboss.resteasy.examples.contacts.persistence.TestContact.testDeleteContact()], instance [org.jboss.resteasy.examples.contacts.persistence.TestContact@3e77ce54], exception [org.junit.internal.runners.model.MultipleFailureException]
org.hibernate.AssertionFailure: null id in org.jboss.resteasy.examples.contacts.core.Contact entry (don&apos;t flush the Session after an exception occurs)
	at org.hibernate.event.def.DefaultFlushEntityEventListener.checkId(DefaultFlushEntityEventListener.java:55)
	at org.hibernate.event.def.DefaultFlushEntityEventListener.getValues(DefaultFlushEntityEventListener.java:164)
	at org.hibernate.event.def.DefaultFlushEntityEventListener.onFlushEntity(DefaultFlushEntityEventListener.java:120)
	at org.hibernate.event.def.AbstractFlushingEventListener.flushEntities(AbstractFlushingEventListener.java:196)
	at org.hibernate.event.def.AbstractFlushingEventListener.flushEverythingToExecutions(AbstractFlushingEventListener.java:76)
	at org.hibernate.event.def.DefaultFlushEventListener.onFlush(DefaultFlushEventListener.java:26)
	at org.hibernate.impl.SessionImpl.flush(SessionImpl.java:1000)
	at org.hibernate.impl.SessionImpl.managedFlush(SessionImpl.java:338)
	at org.hibernate.transaction.JDBCTransaction.commit(JDBCTransaction.java:106)
	at org.springframework.orm.hibernate3.HibernateTransactionManager.doCommit(HibernateTransactionManager.java:656)
	at org.springframework.transaction.support.AbstractPlatformTransactionManager.processCommit(AbstractPlatformTransactionManager.java:754)
	at org.springframework.transaction.support.AbstractPlatformTransactionManager.commit(AbstractPlatformTransactionManager.java:723)
	at org.springframework.test.context.transaction.TransactionalTestExecutionListener$TransactionContext.endTransaction(TransactionalTestExecutionListener.java:515)
	at org.springframework.test.context.transaction.TransactionalTestExecutionListener.endTransaction(TransactionalTestExecutionListener.java:290)
	at org.springframework.test.context.transaction.TransactionalTestExecutionListener.afterTestMethod(TransactionalTestExecutionListener.java:183)
	at org.springframework.test.context.TestContextManager.afterTestMethod(TestContextManager.java:406)
	at org.springframework.test.context.junit4.statements.RunAfterTestMethodCallbacks.evaluate(RunAfterTestMethodCallbacks.java:90)
	at org.springframework.test.context.junit4.statements.SpringRepeat.evaluate(SpringRepeat.java:72)
	at org.springframework.test.context.junit4.SpringJUnit4ClassRunner.runChild(SpringJUnit4ClassRunner.java:231)
	at org.junit.runners.BlockJUnit4ClassRunner.runChild(BlockJUnit4ClassRunner.java:50)
	at org.junit.runners.ParentRunner$3.run(ParentRunner.java:193)
	at org.junit.runners.ParentRunner$1.schedule(ParentRunner.java:52)
	at org.junit.runners.ParentRunner.runChildren(ParentRunner.java:191)
	at org.junit.runners.ParentRunner.access$000(ParentRunner.java:42)
	at org.junit.runners.ParentRunner$2.evaluate(ParentRunner.java:184)
	at org.springframework.test.context.junit4.statements.RunBeforeTestClassCallbacks.evaluate(RunBeforeTestClassCallbacks.java:61)
	at org.springframework.test.context.junit4.statements.RunAfterTestClassCallbacks.evaluate(RunAfterTestClassCallbacks.java:70)
	at org.junit.runners.ParentRunner.run(ParentRunner.java:236)
	at org.springframework.test.context.junit4.SpringJUnit4ClassRunner.run(SpringJUnit4ClassRunner.java:174)
	at org.apache.maven.surefire.junit4.JUnit4Provider.execute(JUnit4Provider.java:252)
	at org.apache.maven.surefire.junit4.JUnit4Provider.executeTestSet(JUnit4Provider.java:141)
	at org.apache.maven.surefire.junit4.JUnit4Provider.invoke(JUnit4Provider.java:112)
	at sun.reflect.NativeMethodAccessorImpl.invoke0(Native Method)
	at sun.reflect.NativeMethodAccessorImpl.invoke(NativeMethodAccessorImpl.java:57)
	at sun.reflect.DelegatingMethodAccessorImpl.invoke(DelegatingMethodAccessorImpl.java:43)
	at java.lang.reflect.Method.invoke(Method.java:606)
	at org.apache.maven.surefire.util.ReflectionUtils.invokeMethodWithArray(ReflectionUtils.java:189)
	at org.apache.maven.surefire.booter.ProviderFactory$ProviderProxy.invoke(ProviderFactory.java:165)
	at org.apache.maven.surefire.booter.ProviderFactory.invokeProvider(ProviderFactory.java:85)
	at org.apache.maven.surefire.booter.ForkedBooter.runSuitesInProcess(ForkedBooter.java:115)
	at org.apache.maven.surefire.booter.ForkedBooter.main(ForkedBooter.java:75)

</system-err>
  </testcase>
  <testcase time="0.03" classname="org.jboss.resteasy.examples.contacts.persistence.TestContact" name="testDeleteContact">
    <error message="null id in org.jboss.resteasy.examples.contacts.core.Contact entry (don&apos;t flush the Session after an exception occurs)" type="org.hibernate.AssertionFailure">org.hibernate.AssertionFailure: null id in org.jboss.resteasy.examples.contacts.core.Contact entry (don&apos;t flush the Session after an exception occurs)
	at org.hibernate.event.def.DefaultFlushEntityEventListener.checkId(DefaultFlushEntityEventListener.java:55)
	at org.hibernate.event.def.DefaultFlushEntityEventListener.getValues(DefaultFlushEntityEventListener.java:164)
	at org.hibernate.event.def.DefaultFlushEntityEventListener.onFlushEntity(DefaultFlushEntityEventListener.java:120)
	at org.hibernate.event.def.AbstractFlushingEventListener.flushEntities(AbstractFlushingEventListener.java:196)
	at org.hibernate.event.def.AbstractFlushingEventListener.flushEverythingToExecutions(AbstractFlushingEventListener.java:76)
	at org.hibernate.event.def.DefaultAutoFlushEventListener.onAutoFlush(DefaultAutoFlushEventListener.java:35)
	at org.hibernate.impl.SessionImpl.autoFlushIfRequired(SessionImpl.java:969)
	at org.hibernate.impl.SessionImpl.list(SessionImpl.java:1114)
	at org.hibernate.impl.QueryImpl.list(QueryImpl.java:79)
	at org.springframework.orm.hibernate3.HibernateTemplate$31.doInHibernate(HibernateTemplate.java:947)
	at org.springframework.orm.hibernate3.HibernateTemplate$31.doInHibernate(HibernateTemplate.java:1)
	at org.springframework.orm.hibernate3.HibernateTemplate.doExecute(HibernateTemplate.java:406)
	at org.springframework.orm.hibernate3.HibernateTemplate.executeWithNativeSession(HibernateTemplate.java:374)
	at org.springframework.orm.hibernate3.HibernateTemplate.findByNamedParam(HibernateTemplate.java:938)
	at org.springframework.orm.hibernate3.HibernateTemplate.findByNamedParam(HibernateTemplate.java:929)
	at org.jboss.resteasy.examples.contacts.persistence.hibernate.ContactDaoImpl.findSingle(ContactDaoImpl.java:62)
	at org.jboss.resteasy.examples.contacts.persistence.hibernate.ContactDaoImpl.findContactByName(ContactDaoImpl.java:37)
	at org.jboss.resteasy.examples.contacts.persistence.TestContact.cleanup(TestContact.java:54)
	at sun.reflect.NativeMethodAccessorImpl.invoke0(Native Method)
	at sun.reflect.NativeMethodAccessorImpl.invoke(NativeMethodAccessorImpl.java:57)
	at sun.reflect.DelegatingMethodAccessorImpl.invoke(DelegatingMethodAccessorImpl.java:43)
	at java.lang.reflect.Method.invoke(Method.java:606)
	at org.junit.runners.model.FrameworkMethod$1.runReflectiveCall(FrameworkMethod.java:44)
	at org.junit.internal.runners.model.ReflectiveCallable.run(ReflectiveCallable.java:15)
	at org.junit.runners.model.FrameworkMethod.invokeExplosively(FrameworkMethod.java:41)
	at org.junit.internal.runners.statements.RunAfters.evaluate(RunAfters.java:37)
	at org.springframework.test.context.junit4.statements.RunAfterTestMethodCallbacks.evaluate(RunAfterTestMethodCallbacks.java:82)
	at org.springframework.test.context.junit4.statements.SpringRepeat.evaluate(SpringRepeat.java:72)
	at org.springframework.test.context.junit4.SpringJUnit4ClassRunner.runChild(SpringJUnit4ClassRunner.java:231)
	at org.junit.runners.BlockJUnit4ClassRunner.runChild(BlockJUnit4ClassRunner.java:50)
	at org.junit.runners.ParentRunner$3.run(ParentRunner.java:193)
	at org.junit.runners.ParentRunner$1.schedule(ParentRunner.java:52)
	at org.junit.runners.ParentRunner.runChildren(ParentRunner.java:191)
	at org.junit.runners.ParentRunner.access$000(ParentRunner.java:42)
	at org.junit.runners.ParentRunner$2.evaluate(ParentRunner.java:184)
	at org.springframework.test.context.junit4.statements.RunBeforeTestClassCallbacks.evaluate(RunBeforeTestClassCallbacks.java:61)
	at org.springframework.test.context.junit4.statements.RunAfterTestClassCallbacks.evaluate(RunAfterTestClassCallbacks.java:70)
	at org.junit.runners.ParentRunner.run(ParentRunner.java:236)
	at org.springframework.test.context.junit4.SpringJUnit4ClassRunner.run(SpringJUnit4ClassRunner.java:174)
	at org.apache.maven.surefire.junit4.JUnit4Provider.execute(JUnit4Provider.java:252)
	at org.apache.maven.surefire.junit4.JUnit4Provider.executeTestSet(JUnit4Provider.java:141)
	at org.apache.maven.surefire.junit4.JUnit4Provider.invoke(JUnit4Provider.java:112)
	at sun.reflect.NativeMethodAccessorImpl.invoke0(Native Method)
	at sun.reflect.NativeMethodAccessorImpl.invoke(NativeMethodAccessorImpl.java:57)
	at sun.reflect.DelegatingMethodAccessorImpl.invoke(DelegatingMethodAccessorImpl.java:43)
	at java.lang.reflect.Method.invoke(Method.java:606)
	at org.apache.maven.surefire.util.ReflectionUtils.invokeMethodWithArray(ReflectionUtils.java:189)
	at org.apache.maven.surefire.booter.ProviderFactory$ProviderProxy.invoke(ProviderFactory.java:165)
	at org.apache.maven.surefire.booter.ProviderFactory.invokeProvider(ProviderFactory.java:85)
	at org.apache.maven.surefire.booter.ForkedBooter.runSuitesInProcess(ForkedBooter.java:115)
	at org.apache.maven.surefire.booter.ForkedBooter.main(ForkedBooter.java:75)
</error>
  </testcase>
  <testcase time="0.031" classname="org.jboss.resteasy.examples.contacts.persistence.TestContact" name="testDeleteContact">
    <error message="null id in org.jboss.resteasy.examples.contacts.core.Contact entry (don&apos;t flush the Session after an exception occurs)" type="org.hibernate.AssertionFailure">org.hibernate.AssertionFailure: null id in org.jboss.resteasy.examples.contacts.core.Contact entry (don&apos;t flush the Session after an exception occurs)
	at org.hibernate.event.def.DefaultFlushEntityEventListener.checkId(DefaultFlushEntityEventListener.java:55)
	at org.hibernate.event.def.DefaultFlushEntityEventListener.getValues(DefaultFlushEntityEventListener.java:164)
	at org.hibernate.event.def.DefaultFlushEntityEventListener.onFlushEntity(DefaultFlushEntityEventListener.java:120)
	at org.hibernate.event.def.AbstractFlushingEventListener.flushEntities(AbstractFlushingEventListener.java:196)
	at org.hibernate.event.def.AbstractFlushingEventListener.flushEverythingToExecutions(AbstractFlushingEventListener.java:76)
	at org.hibernate.event.def.DefaultFlushEventListener.onFlush(DefaultFlushEventListener.java:26)
	at org.hibernate.impl.SessionImpl.flush(SessionImpl.java:1000)
	at org.hibernate.impl.SessionImpl.managedFlush(SessionImpl.java:338)
	at org.hibernate.transaction.JDBCTransaction.commit(JDBCTransaction.java:106)
	at org.springframework.orm.hibernate3.HibernateTransactionManager.doCommit(HibernateTransactionManager.java:656)
	at org.springframework.transaction.support.AbstractPlatformTransactionManager.processCommit(AbstractPlatformTransactionManager.java:754)
	at org.springframework.transaction.support.AbstractPlatformTransactionManager.commit(AbstractPlatformTransactionManager.java:723)
	at org.springframework.test.context.transaction.TransactionalTestExecutionListener$TransactionContext.endTransaction(TransactionalTestExecutionListener.java:515)
	at org.springframework.test.context.transaction.TransactionalTestExecutionListener.endTransaction(TransactionalTestExecutionListener.java:290)
	at org.springframework.test.context.transaction.TransactionalTestExecutionListener.afterTestMethod(TransactionalTestExecutionListener.java:183)
	at org.springframework.test.context.TestContextManager.afterTestMethod(TestContextManager.java:406)
	at org.springframework.test.context.junit4.statements.RunAfterTestMethodCallbacks.evaluate(RunAfterTestMethodCallbacks.java:90)
	at org.springframework.test.context.junit4.statements.SpringRepeat.evaluate(SpringRepeat.java:72)
	at org.springframework.test.context.junit4.SpringJUnit4ClassRunner.runChild(SpringJUnit4ClassRunner.java:231)
	at org.junit.runners.BlockJUnit4ClassRunner.runChild(BlockJUnit4ClassRunner.java:50)
	at org.junit.runners.ParentRunner$3.run(ParentRunner.java:193)
	at org.junit.runners.ParentRunner$1.schedule(ParentRunner.java:52)
	at org.junit.runners.ParentRunner.runChildren(ParentRunner.java:191)
	at org.junit.runners.ParentRunner.access$000(ParentRunner.java:42)
	at org.junit.runners.ParentRunner$2.evaluate(ParentRunner.java:184)
	at org.springframework.test.context.junit4.statements.RunBeforeTestClassCallbacks.evaluate(RunBeforeTestClassCallbacks.java:61)
	at org.springframework.test.context.junit4.statements.RunAfterTestClassCallbacks.evaluate(RunAfterTestClassCallbacks.java:70)
	at org.junit.runners.ParentRunner.run(ParentRunner.java:236)
	at org.springframework.test.context.junit4.SpringJUnit4ClassRunner.run(SpringJUnit4ClassRunner.java:174)
	at org.apache.maven.surefire.junit4.JUnit4Provider.execute(JUnit4Provider.java:252)
	at org.apache.maven.surefire.junit4.JUnit4Provider.executeTestSet(JUnit4Provider.java:141)
	at org.apache.maven.surefire.junit4.JUnit4Provider.invoke(JUnit4Provider.java:112)
	at sun.reflect.NativeMethodAccessorImpl.invoke0(Native Method)
	at sun.reflect.NativeMethodAccessorImpl.invoke(NativeMethodAccessorImpl.java:57)
	at sun.reflect.DelegatingMethodAccessorImpl.invoke(DelegatingMethodAccessorImpl.java:43)
	at java.lang.reflect.Method.invoke(Method.java:606)
	at org.apache.maven.surefire.util.ReflectionUtils.invokeMethodWithArray(ReflectionUtils.java:189)
	at org.apache.maven.surefire.booter.ProviderFactory$ProviderProxy.invoke(ProviderFactory.java:165)
	at org.apache.maven.surefire.booter.ProviderFactory.invokeProvider(ProviderFactory.java:85)
	at org.apache.maven.surefire.booter.ForkedBooter.runSuitesInProcess(ForkedBooter.java:115)
	at org.apache.maven.surefire.booter.ForkedBooter.main(ForkedBooter.java:75)
</error>
  </testcase>
  <testcase time="0.025" classname="org.jboss.resteasy.examples.contacts.persistence.TestContact" name="testGetContactsOfContact"/>
</testsuite>